<?xml version="1.0" encoding="UTF-8"?>
<testsuite name="BinarySearchTest" tests="5" skipped="0" failures="0" errors="0" timestamp="2022-02-02T00:22:14" hostname="EJs-MacBook-Air" time="0.043">
  <properties/>
  <testcase name="test01()" classname="BinarySearchTest" time="0.03"/>
  <testcase name="test02()" classname="BinarySearchTest" time="0.002"/>
  <testcase name="test03()" classname="BinarySearchTest" time="0.001"/>
  <testcase name="test04()" classname="BinarySearchTest" time="0.002"/>
  <testcase name="test05()" classname="BinarySearchTest" time="0.001"/>
  <system-out><![CDATA[]]></system-out>
  <system-err><![CDATA[]]></system-err>
</testsuite>
